iMPACT Version: Oct 13 2013 10:22:21

iMPACT log file Started on Mon Dec 23 15:25:40 2019

Preference Table
Name                 Setting             
StartupClock         Auto_Correction     
AutoSignature        False               
KeepSVF              False               
ConcurrentMode       False               
UseHighz             False               
ConfigOnFailure      Stop                
UserLevel            Novice              
MessageLevel         Detailed            
svfUseTime           false               
SpiByteSwap          Auto_Correction     
AutoInfer            false               
SvfPlayDisplayComments false               
'1': Loading file'../../../Board/GPAC2_1/SYS_FPGA/EXFEL_LINUX/sw/hw_gpac2_linux/download.bit' ...
done.
INFO:iMPACT:1777 - 
   Reading C:/Xilinx/14.7/ISE_DS/ISE/virtex5/data/xc5vfx70t.bsd...
UserID read from the bitstream file = 0xFFFFFFFF.
INFO:iMPACT:501 - '1': Added Device xc5vfx70t successfully.
----------------------------------------------------------------------
----------------------------------------------------------------------
'2': Loading file'../../../Board/GPAC2_1/BP_FPGA/EXFEL_BUT/sw/hw_bp_but/download.bit' ...
done.
INFO:iMPACT:1777 - 
   Reading C:/Xilinx/14.7/ISE_DS/ISE/spartan3a/data/xc3s700a.bsd...
INFO:iMPACT:501 - '2': Added Device xc3s700a successfully.
----------------------------------------------------------------------
----------------------------------------------------------------------
'3': Loading file'../../../Board/GPAC2_1/BPM_FPGA/EXFEL_BUT/sw/hw_bpm_but/download.bit' ...
done.
UserID read from the bitstream file = 0xFFFFFFFF.
INFO:iMPACT:501 - '3': Added Device xc5vfx70t successfully.
----------------------------------------------------------------------
----------------------------------------------------------------------
INFO:iMPACT:501 - '4': Added Device UNKNOWN successfully.
----------------------------------------------------------------------
INFO:iMPACT:501 - '4': Added Device XC5VFX70T successfully.
----------------------------------------------------------------------
----------------------------------------------------------------------
----------------------------------------------------------------------
----------------------------------------------------------------------
----------------------------------------------------------------------
'5': Loading file '../../../Board/ADC12FL/Default/design/impl/adc12fl_fpga.bit'...
done.
INFO:iMPACT:1777 - 
   Reading C:/Xilinx/14.7/ISE_DS/ISE/spartan3a/data/xc3s50a.bsd...
INFO:iMPACT:2257 - Startup Clock has been changed to 'JtagClk' in the bitstream   stored in memory,
   but the original bitstream file remains unchanged.
UserID read from the bitstream file = 0xFFFFFFFF.
INFO:iMPACT:501 - '5': Added Device xc3s50a successfully.
----------------------------------------------------------------------
----------------------------------------------------------------------
INFO:iMPACT:794 - Creating SVF File .//fpga/but2/but2.svf...


'1': Programming device...
 Match_cycle = 2.
 LCK_cycle = NoWait.
LCK cycle: NoWait
done.
INFO:iMPACT:579 - '1': Completed downloading bit file to device.
INFO:iMPACT:188 - '1': Programming completed successfully.
'2': Programming device...
 LCK_cycle = NoWait.
LCK cycle: NoWait
done.
INFO:iMPACT:579 - '2': Completed downloading bit file to device.
INFO:iMPACT:188 - '2': Programming completed successfully.
'3': Programming device...
 Match_cycle = 2.
 LCK_cycle = NoWait.
LCK cycle: NoWait
done.
INFO:iMPACT:579 - '3': Completed downloading bit file to device.
INFO:iMPACT:188 - '3': Programming completed successfully.
'5': Programming device...
 LCK_cycle = NoWait.
LCK cycle: NoWait
done.
INFO:iMPACT:579 - '5': Completed downloading bit file to device.
INFO:iMPACT:188 - '5': Programming completed successfully.
 Match_cycle = 2.
 LCK_cycle = NoWait.
LCK cycle: NoWait
INFO:iMPACT - '1': Checking done pin....done.
'1': Programmed successfully.
 LCK_cycle = NoWait.
LCK cycle: NoWait
INFO:iMPACT - '2': Checking done pin....done.
'2': Programmed successfully.
 Match_cycle = 2.
 LCK_cycle = NoWait.
LCK cycle: NoWait
INFO:iMPACT - '3': Checking done pin....done.
'3': Programmed successfully.
 LCK_cycle = NoWait.
LCK cycle: NoWait
INFO:iMPACT - '5': Checking done pin....done.
'5': Programmed successfully.
Creating Ace File .//fpga/but2/but2.ace...
INFO:iMPACT:796 - Removing existing Ace file .//fpga/but2/but2.ace...
INFO:iMPACT - "FREQUENCY 1000000.00 Hz" overridden by "-tck 33000000.00" option[.//fpga/but2/but2.svf: line 9]:[;]
INFO:iMPACT:791 - Copy xilinx.sys failed. Active collection .//but2/xilinx.sys,   root .//xilinx.sys
----------------------------------------------------------------------
----------------------------------------------------------------------
----------------------------------------------------------------------
----------------------------------------------------------------------
----------------------------------------------------------------------
----------------------------------------------------------------------
----------------------------------------------------------------------
----------------------------------------------------------------------
